<?xml version="1.0" encoding="UTF-8"?>
<testsuite xmlns:xsi="http://www.w3.org/2001/XMLSchema-instance" xsi:noNamespaceSchemaLocation="https://maven.apache.org/surefire/maven-failsafe-plugin/xsd/failsafe-test-report-3.0.xsd" version="3.0" name="features.web.CucumberWebTestSuite" time="23.222" tests="3" errors="1" skipped="0" failures="1">
  <properties>
    <property name="gopherProxySet" value="false"/>
    <property name="awt.toolkit" value="sun.lwawt.macosx.LWCToolkit"/>
    <property name="file.encoding.pkg" value="sun.io"/>
    <property name="java.specification.version" value="1.8"/>
    <property name="webdriver.chrome.driver" value="src/test/resources/drivers/mac/chromedriver"/>
    <property name="sun.cpu.isalist" value=""/>
    <property name="webdriver.timeouts.fluentwait" value="5000"/>
    <property name="sun.jnu.encoding" value="UTF-8"/>
    <property name="java.class.path" value="/Users/franciscojaviersanchezdelrosario/wks/adidas/adidas-test-automation/target/test-classes:/Users/franciscojaviersanchezdelrosario/wks/adidas/adidas-test-automation/target/adidas-test-automation-1.0-SNAPSHOT.jar:/Users/franciscojaviersanchezdelrosario/.m2/repository/net/serenity-bdd/serenity-core/2.4.1/serenity-core-2.4.1.jar:/Users/franciscojaviersanchezdelrosario/.m2/repository/net/serenity-bdd/serenity-model/2.4.1/serenity-model-2.4.1.jar:/Users/franciscojaviersanchezdelrosario/.m2/repository/com/google/guava/guava/30.1-jre/guava-30.1-jre.jar:/Users/franciscojaviersanchezdelrosario/.m2/repository/com/google/guava/failureaccess/1.0.1/failureaccess-1.0.1.jar:/Users/franciscojaviersanchezdelrosario/.m2/repository/com/google/guava/listenablefuture/9999.0-empty-to-avoid-conflict-with-guava/listenablefuture-9999.0-empty-to-avoid-conflict-with-guava.jar:/Users/franciscojaviersanchezdelrosario/.m2/repository/com/google/code/findbugs/jsr305/3.0.2/jsr305-3.0.2.jar:/Users/franciscojaviersanchezdelrosario/.m2/repository/org/checkerframework/checker-qual/3.5.0/checker-qual-3.5.0.jar:/Users/franciscojaviersanchezdelrosario/.m2/repository/com/google/errorprone/error_prone_annotations/2.3.4/error_prone_annotations-2.3.4.jar:/Users/franciscojaviersanchezdelrosario/.m2/repository/com/google/j2objc/j2objc-annotations/1.3/j2objc-annotations-1.3.jar:/Users/franciscojaviersanchezdelrosario/.m2/repository/com/google/inject/guice/5.0.1/guice-5.0.1.jar:/Users/franciscojaviersanchezdelrosario/.m2/repository/aopalliance/aopalliance/1.0/aopalliance-1.0.jar:/Users/franciscojaviersanchezdelrosario/.m2/repository/org/jsoup/jsoup/1.13.1/jsoup-1.13.1.jar:/Users/franciscojaviersanchezdelrosario/.m2/repository/com/thoughtworks/xstream/xstream/1.4.13/xstream-1.4.13.jar:/Users/franciscojaviersanchezdelrosario/.m2/repository/xmlpull/xmlpull/1.1.3.1/xmlpull-1.1.3.1.jar:/Users/franciscojaviersanchezdelrosario/.m2/repository/xpp3/xpp3_min/1.1.4c/xpp3_min-1.1.4c.jar:/Users/franciscojaviersanchezdelrosario/.m2/repository/io/cucumber/cucumber-core/6.10.2/cucumber-core-6.10.2.jar:/Users/franciscojaviersanchezdelrosario/.m2/repository/io/cucumber/cucumber-gherkin/6.10.2/cucumber-gherkin-6.10.2.jar:/Users/franciscojaviersanchezdelrosario/.m2/repository/io/cucumber/cucumber-gherkin-messages/6.10.2/cucumber-gherkin-messages-6.10.2.jar:/Users/franciscojaviersanchezdelrosario/.m2/repository/io/cucumber/messages/14.0.1/messages-14.0.1.jar:/Users/franciscojaviersanchezdelrosario/.m2/repository/io/cucumber/tag-expressions/3.0.0/tag-expressions-3.0.0.jar:/Users/franciscojaviersanchezdelrosario/.m2/repository/io/cucumber/cucumber-expressions/10.3.0/cucumber-expressions-10.3.0.jar:/Users/franciscojaviersanchezdelrosario/.m2/repository/io/cucumber/cucumber-plugin/6.10.2/cucumber-plugin-6.10.2.jar:/Users/franciscojaviersanchezdelrosario/.m2/repository/io/cucumber/docstring/6.10.2/docstring-6.10.2.jar:/Users/franciscojaviersanchezdelrosario/.m2/repository/io/cucumber/html-formatter/12.0.0/html-formatter-12.0.0.jar:/Users/franciscojaviersanchezdelrosario/.m2/repository/io/cucumber/create-meta/3.0.0/create-meta-3.0.0.jar:/Users/franciscojaviersanchezdelrosario/.m2/repository/com/typesafe/config/1.3.1/config-1.3.1.jar:/Users/franciscojaviersanchezdelrosario/.m2/repository/org/imgscalr/imgscalr-lib/4.2/imgscalr-lib-4.2.jar:/Users/franciscojaviersanchezdelrosario/.m2/repository/org/awaitility/awaitility/4.0.3/awaitility-4.0.3.jar:/Users/franciscojaviersanchezdelrosario/.m2/repository/org/freemarker/freemarker/2.3.29/freemarker-2.3.29.jar:/Users/franciscojaviersanchezdelrosario/.m2/repository/net/sourceforge/jexcelapi/jxl/2.6.12/jxl-2.6.12.jar:/Users/franciscojaviersanchezdelrosario/.m2/repository/org/asciidoctor/asciidoctorj/1.5.6/asciidoctorj-1.5.6.jar:/Users/franciscojaviersanchezdelrosario/.m2/repository/org/jruby/jruby-complete/1.7.26/jruby-complete-1.7.26.jar:/Users/franciscojaviersanchezdelrosario/.m2/repository/net/bytebuddy/byte-buddy/1.10.10/byte-buddy-1.10.10.jar:/Users/franciscojaviersanchezdelrosario/.m2/repository/net/bytebuddy/byte-buddy-agent/1.10.10/byte-buddy-agent-1.10.10.jar:/Users/franciscojaviersanchezdelrosario/.m2/repository/org/objenesis/objenesis/3.1/objenesis-3.1.jar:/Users/franciscojaviersanchezdelrosario/.m2/repository/net/serenity-bdd/serenity-report-resources/2.4.1/serenity-report-resources-2.4.1.jar:/Users/franciscojaviersanchezdelrosario/.m2/repository/com/google/code/gson/gson/2.8.6/gson-2.8.6.jar:/Users/franciscojaviersanchezdelrosario/.m2/repository/commons-codec/commons-codec/1.15/commons-codec-1.15.jar:/Users/franciscojaviersanchezdelrosario/.m2/repository/commons-io/commons-io/2.6/commons-io-2.6.jar:/Users/franciscojaviersanchezdelrosario/.m2/repository/org/seleniumhq/selenium/selenium-server/3.141.59/selenium-server-3.141.59.jar:/Users/franciscojaviersanchezdelrosario/.m2/repository/org/seleniumhq/selenium/selenium-opera-driver/3.141.59/selenium-opera-driver-3.141.59.jar:/Users/franciscojaviersanchezdelrosario/.m2/repository/org/seleniumhq/selenium/selenium-remote-driver/3.141.59/selenium-remote-driver-3.141.59.jar:/Users/franciscojaviersanchezdelrosario/.m2/repository/org/seleniumhq/selenium/selenium-safari-driver/3.141.59/selenium-safari-driver-3.141.59.jar:/Users/franciscojaviersanchezdelrosario/.m2/repository/com/beust/jcommander/1.72/jcommander-1.72.jar:/Users/franciscojaviersanchezdelrosario/.m2/repository/org/apache/commons/commons-exec/1.3/commons-exec-1.3.jar:/Users/franciscojaviersanchezdelrosario/.m2/repository/net/jcip/jcip-annotations/1.0/jcip-annotations-1.0.jar:/Users/franciscojaviersanchezdelrosario/.m2/repository/org/seleniumhq/selenium/jetty-repacked/9.4.12.v20180830/jetty-repacked-9.4.12.v20180830.jar:/Users/franciscojaviersanchezdelrosario/.m2/repository/com/squareup/okhttp3/okhttp/3.11.0/okhttp-3.11.0.jar:/Users/franciscojaviersanchezdelrosario/.m2/repository/com/squareup/okio/okio/1.14.0/okio-1.14.0.jar:/Users/franciscojaviersanchezdelrosario/.m2/repository/javax/servlet/javax.servlet-api/3.1.0/javax.servlet-api-3.1.0.jar:/Users/franciscojaviersanchezdelrosario/.m2/repository/org/yaml/snakeyaml/1.19/snakeyaml-1.19.jar:/Users/franciscojaviersanchezdelrosario/.m2/repository/org/seleniumhq/selenium/selenium-java/3.141.59/selenium-java-3.141.59.jar:/Users/franciscojaviersanchezdelrosario/.m2/repository/org/seleniumhq/selenium/selenium-api/3.141.59/selenium-api-3.141.59.jar:/Users/franciscojaviersanchezdelrosario/.m2/repository/org/seleniumhq/selenium/selenium-support/3.141.59/selenium-support-3.141.59.jar:/Users/franciscojaviersanchezdelrosario/.m2/repository/org/seleniumhq/selenium/selenium-chrome-driver/3.141.59/selenium-chrome-driver-3.141.59.jar:/Users/franciscojaviersanchezdelrosario/.m2/repository/org/seleniumhq/selenium/selenium-firefox-driver/3.141.59/selenium-firefox-driver-3.141.59.jar:/Users/franciscojaviersanchezdelrosario/.m2/repository/org/seleniumhq/selenium/selenium-edge-driver/3.141.59/selenium-edge-driver-3.141.59.jar:/Users/franciscojaviersanchezdelrosario/.m2/repository/org/seleniumhq/selenium/selenium-ie-driver/3.141.59/selenium-ie-driver-3.141.59.jar:/Users/franciscojaviersanchezdelrosario/.m2/repository/net/sourceforge/htmlunit/htmlunit/2.47.1/htmlunit-2.47.1.jar:/Users/franciscojaviersanchezdelrosario/.m2/repository/xalan/xalan/2.7.2/xalan-2.7.2.jar:/Users/franciscojaviersanchezdelrosario/.m2/repository/xalan/serializer/2.7.2/serializer-2.7.2.jar:/Users/franciscojaviersanchezdelrosario/.m2/repository/org/apache/httpcomponents/httpmime/4.5.13/httpmime-4.5.13.jar:/Users/franciscojaviersanchezdelrosario/.m2/repository/org/apache/httpcomponents/httpclient/4.5.13/httpclient-4.5.13.jar:/Users/franciscojaviersanchezdelrosario/.m2/repository/org/apache/httpcomponents/httpcore/4.4.13/httpcore-4.4.13.jar:/Users/franciscojaviersanchezdelrosario/.m2/repository/net/sourceforge/htmlunit/htmlunit-core-js/2.47.0/htmlunit-core-js-2.47.0.jar:/Users/franciscojaviersanchezdelrosario/.m2/repository/net/sourceforge/htmlunit/neko-htmlunit/2.47.1/neko-htmlunit-2.47.1.jar:/Users/franciscojaviersanchezdelrosario/.m2/repository/xerces/xercesImpl/2.12.0/xercesImpl-2.12.0.jar:/Users/franciscojaviersanchezdelrosario/.m2/repository/xml-apis/xml-apis/1.4.01/xml-apis-1.4.01.jar:/Users/franciscojaviersanchezdelrosario/.m2/repository/net/sourceforge/htmlunit/htmlunit-cssparser/1.7.0/htmlunit-cssparser-1.7.0.jar:/Users/franciscojaviersanchezdelrosario/.m2/repository/org/brotli/dec/0.1.2/dec-0.1.2.jar:/Users/franciscojaviersanchezdelrosario/.m2/repository/com/shapesecurity/salvation2/3.0.0/salvation2-3.0.0.jar:/Users/franciscojaviersanchezdelrosario/.m2/repository/org/eclipse/jetty/websocket/websocket-client/9.4.36.v20210114/websocket-client-9.4.36.v20210114.jar:/Users/franciscojaviersanchezdelrosario/.m2/repository/org/eclipse/jetty/jetty-client/9.4.36.v20210114/jetty-client-9.4.36.v20210114.jar:/Users/franciscojaviersanchezdelrosario/.m2/repository/org/eclipse/jetty/jetty-http/9.4.36.v20210114/jetty-http-9.4.36.v20210114.jar:/Users/franciscojaviersanchezdelrosario/.m2/repository/org/eclipse/jetty/jetty-util/9.4.36.v20210114/jetty-util-9.4.36.v20210114.jar:/Users/franciscojaviersanchezdelrosario/.m2/repository/org/eclipse/jetty/jetty-io/9.4.36.v20210114/jetty-io-9.4.36.v20210114.jar:/Users/franciscojaviersanchezdelrosario/.m2/repository/org/eclipse/jetty/websocket/websocket-common/9.4.36.v20210114/websocket-common-9.4.36.v20210114.jar:/Users/franciscojaviersanchezdelrosario/.m2/repository/org/eclipse/jetty/websocket/websocket-api/9.4.36.v20210114/websocket-api-9.4.36.v20210114.jar:/Users/franciscojaviersanchezdelrosario/.m2/repository/org/seleniumhq/selenium/htmlunit-driver/2.47.1/htmlunit-driver-2.47.1.jar:/Users/franciscojaviersanchezdelrosario/.m2/repository/com/codeborne/phantomjsdriver/1.4.4/phantomjsdriver-1.4.4.jar:/Users/franciscojaviersanchezdelrosario/.m2/repository/io/appium/java-client/7.3.0/java-client-7.3.0.jar:/Users/franciscojaviersanchezdelrosario/.m2/repository/commons-validator/commons-validator/1.6/commons-validator-1.6.jar:/Users/franciscojaviersanchezdelrosario/.m2/repository/commons-digester/commons-digester/1.8.1/commons-digester-1.8.1.jar:/Users/franciscojaviersanchezdelrosario/.m2/repository/org/aspectj/aspectjweaver/1.9.4/aspectjweaver-1.9.4.jar:/Users/franciscojaviersanchezdelrosario/.m2/repository/org/codehaus/groovy/groovy/3.0.7/groovy-3.0.7.jar:/Users/franciscojaviersanchezdelrosario/.m2/repository/net/sf/opencsv/opencsv/2.0/opencsv-2.0.jar:/Users/franciscojaviersanchezdelrosario/.m2/repository/commons-beanutils/commons-beanutils/1.9.4/commons-beanutils-1.9.4.jar:/Users/franciscojaviersanchezdelrosario/.m2/repository/org/apache/commons/commons-lang3/3.11/commons-lang3-3.11.jar:/Users/franciscojaviersanchezdelrosario/.m2/repository/commons-collections/commons-collections/3.2.2/commons-collections-3.2.2.jar:/Users/franciscojaviersanchezdelrosario/.m2/repository/org/fluentlenium/fluentlenium-core/0.10.2/fluentlenium-core-0.10.2.jar:/Users/franciscojaviersanchezdelrosario/.m2/repository/io/github/bonigarcia/webdrivermanager/4.3.1/webdrivermanager-4.3.1.jar:/Users/franciscojaviersanchezdelrosario/.m2/repository/org/apache/httpcomponents/client5/httpclient5/5.0.3/httpclient5-5.0.3.jar:/Users/franciscojaviersanchezdelrosario/.m2/repository/org/apache/httpcomponents/core5/httpcore5/5.0.2/httpcore5-5.0.2.jar:/Users/franciscojaviersanchezdelrosario/.m2/repository/org/apache/httpcomponents/core5/httpcore5-h2/5.0.2/httpcore5-h2-5.0.2.jar:/Users/franciscojaviersanchezdelrosario/.m2/repository/org/rauschig/jarchivelib/1.1.0/jarchivelib-1.1.0.jar:/Users/franciscojaviersanchezdelrosario/.m2/repository/org/apache/commons/commons-compress/1.20/commons-compress-1.20.jar:/Users/franciscojaviersanchezdelrosario/.m2/repository/com/jhlabs/filters/2.0.235/filters-2.0.235.jar:/Users/franciscojaviersanchezdelrosario/.m2/repository/com/assertthat/selenium-shutterbug/0.9.3/selenium-shutterbug-0.9.3.jar:/Users/franciscojaviersanchezdelrosario/.m2/repository/com/github/zafarkhaja/java-semver/0.9.0/java-semver-0.9.0.jar:/Users/franciscojaviersanchezdelrosario/.m2/repository/com/paulhammant/ngwebdriver/1.1.5/ngwebdriver-1.1.5.jar:/Users/franciscojaviersanchezdelrosario/.m2/repository/joda-time/joda-time/2.8.2/joda-time-2.8.2.jar:/Users/franciscojaviersanchezdelrosario/.m2/repository/org/hamcrest/hamcrest/2.2/hamcrest-2.2.jar:/Users/franciscojaviersanchezdelrosario/.m2/repository/com/google/jimfs/jimfs/1.1/jimfs-1.1.jar:/Users/franciscojaviersanchezdelrosario/.m2/repository/org/mockito/mockito-core/3.3.3/mockito-core-3.3.3.jar:/Users/franciscojaviersanchezdelrosario/.m2/repository/javax/xml/bind/jaxb-api/2.3.1/jaxb-api-2.3.1.jar:/Users/franciscojaviersanchezdelrosario/.m2/repository/javax/activation/javax.activation-api/1.2.0/javax.activation-api-1.2.0.jar:/Users/franciscojaviersanchezdelrosario/.m2/repository/com/sun/xml/bind/jaxb-core/2.3.0.1/jaxb-core-2.3.0.1.jar:/Users/franciscojaviersanchezdelrosario/.m2/repository/com/sun/xml/bind/jaxb-impl/2.3.3/jaxb-impl-2.3.3.jar:/Users/franciscojaviersanchezdelrosario/.m2/repository/jakarta/xml/bind/jakarta.xml.bind-api/2.3.3/jakarta.xml.bind-api-2.3.3.jar:/Users/franciscojaviersanchezdelrosario/.m2/repository/com/sun/activation/jakarta.activation/1.2.2/jakarta.activation-1.2.2.jar:/Users/franciscojaviersanchezdelrosario/.m2/repository/javax/activation/activation/1.1.1/activation-1.1.1.jar:/Users/franciscojaviersanchezdelrosario/.m2/repository/net/serenity-bdd/serenity-junit/2.4.1/serenity-junit-2.4.1.jar:/Users/franciscojaviersanchezdelrosario/.m2/repository/net/serenity-bdd/serenity-reports/2.4.1/serenity-reports-2.4.1.jar:/Users/franciscojaviersanchezdelrosario/.m2/repository/net/serenity-bdd/serenity-stats/2.4.1/serenity-stats-2.4.1.jar:/Users/franciscojaviersanchezdelrosario/.m2/repository/net/serenity-bdd/serenity-reports-configuration/2.4.1/serenity-reports-configuration-2.4.1.jar:/Users/franciscojaviersanchezdelrosario/.m2/repository/com/vladsch/flexmark/flexmark-all/0.34.30/flexmark-all-0.34.30.jar:/Users/franciscojaviersanchezdelrosario/.m2/repository/com/vladsch/flexmark/flexmark/0.34.30/flexmark-0.34.30.jar:/Users/franciscojaviersanchezdelrosario/.m2/repository/com/vladsch/flexmark/flexmark-ext-abbreviation/0.34.30/flexmark-ext-abbreviation-0.34.30.jar:/Users/franciscojaviersanchezdelrosario/.m2/repository/com/vladsch/flexmark/flexmark-ext-admonition/0.34.30/flexmark-ext-admonition-0.34.30.jar:/Users/franciscojaviersanchezdelrosario/.m2/repository/com/vladsch/flexmark/flexmark-ext-anchorlink/0.34.30/flexmark-ext-anchorlink-0.34.30.jar:/Users/franciscojaviersanchezdelrosario/.m2/repository/com/vladsch/flexmark/flexmark-ext-aside/0.34.30/flexmark-ext-aside-0.34.30.jar:/Users/franciscojaviersanchezdelrosario/.m2/repository/com/vladsch/flexmark/flexmark-ext-attributes/0.34.30/flexmark-ext-attributes-0.34.30.jar:/Users/franciscojaviersanchezdelrosario/.m2/repository/com/vladsch/flexmark/flexmark-ext-autolink/0.34.30/flexmark-ext-autolink-0.34.30.jar:/Users/franciscojaviersanchezdelrosario/.m2/repository/org/nibor/autolink/autolink/0.6.0/autolink-0.6.0.jar:/Users/franciscojaviersanchezdelrosario/.m2/repository/com/vladsch/flexmark/flexmark-ext-definition/0.34.30/flexmark-ext-definition-0.34.30.jar:/Users/franciscojaviersanchezdelrosario/.m2/repository/com/vladsch/flexmark/flexmark-ext-emoji/0.34.30/flexmark-ext-emoji-0.34.30.jar:/Users/franciscojaviersanchezdelrosario/.m2/repository/com/vladsch/flexmark/flexmark-ext-enumerated-reference/0.34.30/flexmark-ext-enumerated-reference-0.34.30.jar:/Users/franciscojaviersanchezdelrosario/.m2/repository/com/vladsch/flexmark/flexmark-ext-escaped-character/0.34.30/flexmark-ext-escaped-character-0.34.30.jar:/Users/franciscojaviersanchezdelrosario/.m2/repository/com/vladsch/flexmark/flexmark-ext-footnotes/0.34.30/flexmark-ext-footnotes-0.34.30.jar:/Users/franciscojaviersanchezdelrosario/.m2/repository/com/vladsch/flexmark/flexmark-ext-gfm-issues/0.34.30/flexmark-ext-gfm-issues-0.34.30.jar:/Users/franciscojaviersanchezdelrosario/.m2/repository/com/vladsch/flexmark/flexmark-ext-gfm-strikethrough/0.34.30/flexmark-ext-gfm-strikethrough-0.34.30.jar:/Users/franciscojaviersanchezdelrosario/.m2/repository/com/vladsch/flexmark/flexmark-ext-gfm-tables/0.34.30/flexmark-ext-gfm-tables-0.34.30.jar:/Users/franciscojaviersanchezdelrosario/.m2/repository/com/vladsch/flexmark/flexmark-ext-gfm-tasklist/0.34.30/flexmark-ext-gfm-tasklist-0.34.30.jar:/Users/franciscojaviersanchezdelrosario/.m2/repository/com/vladsch/flexmark/flexmark-ext-gfm-users/0.34.30/flexmark-ext-gfm-users-0.34.30.jar:/Users/franciscojaviersanchezdelrosario/.m2/repository/com/vladsch/flexmark/flexmark-ext-gitlab/0.34.30/flexmark-ext-gitlab-0.34.30.jar:/Users/franciscojaviersanchezdelrosario/.m2/repository/com/vladsch/flexmark/flexmark-ext-jekyll-front-matter/0.34.30/flexmark-ext-jekyll-front-matter-0.34.30.jar:/Users/franciscojaviersanchezdelrosario/.m2/repository/com/vladsch/flexmark/flexmark-ext-jekyll-tag/0.34.30/flexmark-ext-jekyll-tag-0.34.30.jar:/Users/franciscojaviersanchezdelrosario/.m2/repository/com/vladsch/flexmark/flexmark-ext-media-tags/0.34.30/flexmark-ext-media-tags-0.34.30.jar:/Users/franciscojaviersanchezdelrosario/.m2/repository/com/vladsch/flexmark/flexmark-test-util/0.34.30/flexmark-test-util-0.34.30.jar:/Users/franciscojaviersanchezdelrosario/.m2/repository/com/vladsch/flexmark/flexmark-ext-ins/0.34.30/flexmark-ext-ins-0.34.30.jar:/Users/franciscojaviersanchezdelrosario/.m2/repository/com/vladsch/flexmark/flexmark-ext-xwiki-macros/0.34.30/flexmark-ext-xwiki-macros-0.34.30.jar:/Users/franciscojaviersanchezdelrosario/.m2/repository/com/vladsch/flexmark/flexmark-ext-superscript/0.34.30/flexmark-ext-superscript-0.34.30.jar:/Users/franciscojaviersanchezdelrosario/.m2/repository/com/vladsch/flexmark/flexmark-ext-tables/0.34.30/flexmark-ext-tables-0.34.30.jar:/Users/franciscojaviersanchezdelrosario/.m2/repository/com/vladsch/flexmark/flexmark-ext-toc/0.34.30/flexmark-ext-toc-0.34.30.jar:/Users/franciscojaviersanchezdelrosario/.m2/repository/com/vladsch/flexmark/flexmark-ext-typographic/0.34.30/flexmark-ext-typographic-0.34.30.jar:/Users/franciscojaviersanchezdelrosario/.m2/repository/com/vladsch/flexmark/flexmark-ext-wikilink/0.34.30/flexmark-ext-wikilink-0.34.30.jar:/Users/franciscojaviersanchezdelrosario/.m2/repository/com/vladsch/flexmark/flexmark-ext-yaml-front-matter/0.34.30/flexmark-ext-yaml-front-matter-0.34.30.jar:/Users/franciscojaviersanchezdelrosario/.m2/repository/com/vladsch/flexmark/flexmark-ext-youtube-embedded/0.34.30/flexmark-ext-youtube-embedded-0.34.30.jar:/Users/franciscojaviersanchezdelrosario/.m2/repository/com/vladsch/flexmark/flexmark-formatter/0.34.30/flexmark-formatter-0.34.30.jar:/Users/franciscojaviersanchezdelrosario/.m2/repository/com/vladsch/flexmark/flexmark-html-parser/0.34.30/flexmark-html-parser-0.34.30.jar:/Users/franciscojaviersanchezdelrosario/.m2/repository/com/vladsch/flexmark/flexmark-jira-converter/0.34.30/flexmark-jira-converter-0.34.30.jar:/Users/franciscojaviersanchezdelrosario/.m2/repository/com/vladsch/flexmark/flexmark-pdf-converter/0.34.30/flexmark-pdf-converter-0.34.30.jar:/Users/franciscojaviersanchezdelrosario/.m2/repository/com/openhtmltopdf/openhtmltopdf-core/0.0.1-RC13/openhtmltopdf-core-0.0.1-RC13.jar:/Users/franciscojaviersanchezdelrosario/.m2/repository/com/openhtmltopdf/openhtmltopdf-pdfbox/0.0.1-RC13/openhtmltopdf-pdfbox-0.0.1-RC13.jar:/Users/franciscojaviersanchezdelrosario/.m2/repository/org/apache/pdfbox/pdfbox/2.0.8/pdfbox-2.0.8.jar:/Users/franciscojaviersanchezdelrosario/.m2/repository/org/apache/pdfbox/fontbox/2.0.8/fontbox-2.0.8.jar:/Users/franciscojaviersanchezdelrosario/.m2/repository/org/apache/pdfbox/xmpbox/2.0.8/xmpbox-2.0.8.jar:/Users/franciscojaviersanchezdelrosario/.m2/repository/de/rototor/pdfbox/graphics2d/0.12/graphics2d-0.12.jar:/Users/franciscojaviersanchezdelrosario/.m2/repository/com/openhtmltopdf/openhtmltopdf-rtl-support/0.0.1-RC13/openhtmltopdf-rtl-support-0.0.1-RC13.jar:/Users/franciscojaviersanchezdelrosario/.m2/repository/com/ibm/icu/icu4j/59.1/icu4j-59.1.jar:/Users/franciscojaviersanchezdelrosario/.m2/repository/com/openhtmltopdf/openhtmltopdf-jsoup-dom-converter/0.0.1-RC13/openhtmltopdf-jsoup-dom-converter-0.0.1-RC13.jar:/Users/franciscojaviersanchezdelrosario/.m2/repository/com/vladsch/flexmark/flexmark-profile-pegdown/0.34.30/flexmark-profile-pegdown-0.34.30.jar:/Users/franciscojaviersanchezdelrosario/.m2/repository/com/vladsch/flexmark/flexmark-util/0.34.30/flexmark-util-0.34.30.jar:/Users/franciscojaviersanchezdelrosario/.m2/repository/com/vladsch/flexmark/flexmark-youtrack-converter/0.34.30/flexmark-youtrack-converter-0.34.30.jar:/Users/franciscojaviersanchezdelrosario/.m2/repository/es/nitaur/markdown/txtmark/0.16/txtmark-0.16.jar:/Users/franciscojaviersanchezdelrosario/.m2/repository/net/serenity-bdd/maven/plugins/serenity-maven-plugin/2.4.1/serenity-maven-plugin-2.4.1.jar:/Users/franciscojaviersanchezdelrosario/.m2/repository/org/apache/maven/maven-core/3.6.3/maven-core-3.6.3.jar:/Users/franciscojaviersanchezdelrosario/.m2/repository/org/apache/maven/maven-model/3.6.3/maven-model-3.6.3.jar:/Users/franciscojaviersanchezdelrosario/.m2/repository/org/apache/maven/maven-settings/3.6.3/maven-settings-3.6.3.jar:/Users/franciscojaviersanchezdelrosario/.m2/repository/org/apache/maven/maven-settings-builder/3.6.3/maven-settings-builder-3.6.3.jar:/Users/franciscojaviersanchezdelrosario/.m2/repository/org/codehaus/plexus/plexus-interpolation/1.25/plexus-interpolation-1.25.jar:/Users/franciscojaviersanchezdelrosario/.m2/repository/org/sonatype/plexus/plexus-sec-dispatcher/1.4/plexus-sec-dispatcher-1.4.jar:/Users/franciscojaviersanchezdelrosario/.m2/repository/org/sonatype/plexus/plexus-cipher/1.4/plexus-cipher-1.4.jar:/Users/franciscojaviersanchezdelrosario/.m2/repository/org/apache/maven/maven-builder-support/3.6.3/maven-builder-support-3.6.3.jar:/Users/franciscojaviersanchezdelrosario/.m2/repository/org/apache/maven/maven-repository-metadata/3.6.3/maven-repository-metadata-3.6.3.jar:/Users/franciscojaviersanchezdelrosario/.m2/repository/org/apache/maven/maven-artifact/3.6.3/maven-artifact-3.6.3.jar:/Users/franciscojaviersanchezdelrosario/.m2/repository/org/apache/maven/maven-model-builder/3.6.3/maven-model-builder-3.6.3.jar:/Users/franciscojaviersanchezdelrosario/.m2/repository/org/apache/maven/maven-resolver-provider/3.6.3/maven-resolver-provider-3.6.3.jar:/Users/franciscojaviersanchezdelrosario/.m2/repository/org/apache/maven/resolver/maven-resolver-impl/1.4.1/maven-resolver-impl-1.4.1.jar:/Users/franciscojaviersanchezdelrosario/.m2/repository/org/apache/maven/resolver/maven-resolver-api/1.4.1/maven-resolver-api-1.4.1.jar:/Users/franciscojaviersanchezdelrosario/.m2/repository/org/apache/maven/resolver/maven-resolver-spi/1.4.1/maven-resolver-spi-1.4.1.jar:/Users/franciscojaviersanchezdelrosario/.m2/repository/org/apache/maven/resolver/maven-resolver-util/1.4.1/maven-resolver-util-1.4.1.jar:/Users/franciscojaviersanchezdelrosario/.m2/repository/org/apache/maven/shared/maven-shared-utils/3.2.1/maven-shared-utils-3.2.1.jar:/Users/franciscojaviersanchezdelrosario/.m2/repository/org/eclipse/sisu/org.eclipse.sisu.plexus/0.3.4/org.eclipse.sisu.plexus-0.3.4.jar:/Users/franciscojaviersanchezdelrosario/.m2/repository/javax/enterprise/cdi-api/1.0/cdi-api-1.0.jar:/Users/franciscojaviersanchezdelrosario/.m2/repository/javax/annotation/jsr250-api/1.0/jsr250-api-1.0.jar:/Users/franciscojaviersanchezdelrosario/.m2/repository/org/eclipse/sisu/org.eclipse.sisu.inject/0.3.4/org.eclipse.sisu.inject-0.3.4.jar:/Users/franciscojaviersanchezdelrosario/.m2/repository/javax/inject/javax.inject/1/javax.inject-1.jar:/Users/franciscojaviersanchezdelrosario/.m2/repository/org/codehaus/plexus/plexus-classworlds/2.6.0/plexus-classworlds-2.6.0.jar:/Users/franciscojaviersanchezdelrosario/.m2/repository/org/codehaus/plexus/plexus-component-annotations/2.1.0/plexus-component-annotations-2.1.0.jar:/Users/franciscojaviersanchezdelrosario/.m2/repository/org/codehaus/plexus/plexus-utils/3.2.1/plexus-utils-3.2.1.jar:/Users/franciscojaviersanchezdelrosario/.m2/repository/org/apache/maven/maven-plugin-api/3.6.3/maven-plugin-api-3.6.3.jar:/Users/franciscojaviersanchezdelrosario/.m2/repository/org/apache/maven/reporting/maven-reporting-api/3.0/maven-reporting-api-3.0.jar:/Users/franciscojaviersanchezdelrosario/.m2/repository/org/apache/maven/doxia/doxia-sink-api/1.0/doxia-sink-api-1.0.jar:/Users/franciscojaviersanchezdelrosario/.m2/repository/org/apache/maven/plugin-tools/maven-plugin-annotations/3.5/maven-plugin-annotations-3.5.jar:/Users/franciscojaviersanchezdelrosario/.m2/repository/net/serenity-bdd/serenity-rest-assured/2.4.1/serenity-rest-assured-2.4.1.jar:/Users/franciscojaviersanchezdelrosario/.m2/repository/io/rest-assured/rest-assured/4.3.3/rest-assured-4.3.3.jar:/Users/franciscojaviersanchezdelrosario/.m2/repository/org/ccil/cowan/tagsoup/tagsoup/1.2.1/tagsoup-1.2.1.jar:/Users/franciscojaviersanchezdelrosario/.m2/repository/io/rest-assured/json-path/4.3.3/json-path-4.3.3.jar:/Users/franciscojaviersanchezdelrosario/.m2/repository/io/rest-assured/rest-assured-common/4.3.3/rest-assured-common-4.3.3.jar:/Users/franciscojaviersanchezdelrosario/.m2/repository/io/rest-assured/xml-path/4.3.3/xml-path-4.3.3.jar:/Users/franciscojaviersanchezdelrosario/.m2/repository/org/codehaus/groovy/groovy-json/3.0.7/groovy-json-3.0.7.jar:/Users/franciscojaviersanchezdelrosario/.m2/repository/org/codehaus/groovy/groovy-xml/3.0.7/groovy-xml-3.0.7.jar:/Users/franciscojaviersanchezdelrosario/.m2/repository/org/opentest4j/opentest4j/1.2.0/opentest4j-1.2.0.jar:/Users/franciscojaviersanchezdelrosario/.m2/repository/net/serenity-bdd/serenity-ensure/2.4.1/serenity-ensure-2.4.1.jar:/Users/franciscojaviersanchezdelrosario/.m2/repository/net/serenity-bdd/serenity-screenplay/2.4.1/serenity-screenplay-2.4.1.jar:/Users/franciscojaviersanchezdelrosario/.m2/repository/net/serenity-bdd/serenity-screenplay-webdriver/2.4.1/serenity-screenplay-webdriver-2.4.1.jar:/Users/franciscojaviersanchezdelrosario/.m2/repository/org/jetbrains/kotlin/kotlin-stdlib/1.4.10/kotlin-stdlib-1.4.10.jar:/Users/franciscojaviersanchezdelrosario/.m2/repository/org/jetbrains/kotlin/kotlin-stdlib-common/1.4.10/kotlin-stdlib-common-1.4.10.jar:/Users/franciscojaviersanchezdelrosario/.m2/repository/org/jetbrains/annotations/13.0/annotations-13.0.jar:/Users/franciscojaviersanchezdelrosario/.m2/repository/net/serenity-bdd/serenity-cucumber6/2.4.1/serenity-cucumber6-2.4.1.jar:/Users/franciscojaviersanchezdelrosario/.m2/repository/io/cucumber/cucumber-java/6.10.2/cucumber-java-6.10.2.jar:/Users/franciscojaviersanchezdelrosario/.m2/repository/org/apiguardian/apiguardian-api/1.1.1/apiguardian-api-1.1.1.jar:/Users/franciscojaviersanchezdelrosario/.m2/repository/io/cucumber/cucumber-junit/6.10.2/cucumber-junit-6.10.2.jar:/Users/franciscojaviersanchezdelrosario/.m2/repository/io/cucumber/datatable-matchers/3.4.0/datatable-matchers-3.4.0.jar:/Users/franciscojaviersanchezdelrosario/.m2/repository/io/cucumber/datatable/3.4.0/datatable-3.4.0.jar:/Users/franciscojaviersanchezdelrosario/.m2/repository/commons-logging/commons-logging/1.2/commons-logging-1.2.jar:/Users/franciscojaviersanchezdelrosario/.m2/repository/org/apache/commons/commons-csv/1.5/commons-csv-1.5.jar:/Users/franciscojaviersanchezdelrosario/.m2/repository/junit/junit/4.12/junit-4.12.jar:/Users/franciscojaviersanchezdelrosario/.m2/repository/org/hamcrest/hamcrest-core/1.3/hamcrest-core-1.3.jar:/Users/franciscojaviersanchezdelrosario/.m2/repository/commons-net/commons-net/3.7.2/commons-net-3.7.2.jar:/Users/franciscojaviersanchezdelrosario/.m2/repository/org/apache/commons/commons-text/1.9/commons-text-1.9.jar:/Users/franciscojaviersanchezdelrosario/.m2/repository/org/assertj/assertj-guava/3.4.0/assertj-guava-3.4.0.jar:/Users/franciscojaviersanchezdelrosario/.m2/repository/org/assertj/assertj-core/3.16.1/assertj-core-3.16.1.jar:/Users/franciscojaviersanchezdelrosario/.m2/repository/org/projectlombok/lombok/1.18.12/lombok-1.18.12.jar:/Users/franciscojaviersanchezdelrosario/.m2/repository/org/json/json/20200518/json-20200518.jar:/Users/franciscojaviersanchezdelrosario/.m2/repository/org/slf4j/slf4j-simple/1.7.26/slf4j-simple-1.7.26.jar:/Users/franciscojaviersanchezdelrosario/.m2/repository/org/slf4j/slf4j-api/1.7.26/slf4j-api-1.7.26.jar:/Users/franciscojaviersanchezdelrosario/wks/adidas/adidas-test-automation/target/classes:"/>
    <property name="java.vm.vendor" value="Oracle Corporation"/>
    <property name="sun.arch.data.model" value="64"/>
    <property name="java.vendor.url" value="http://java.oracle.com/"/>
    <property name="user.timezone" value=""/>
    <property name="java.vm.specification.version" value="1.8"/>
    <property name="os.name" value="Mac OS X"/>
    <property name="webdriver.wait.for.timeout" value="6000"/>
    <property name="user.country" value="ES"/>
    <property name="sun.java.launcher" value="SUN_STANDARD"/>
    <property name="sun.boot.library.path" value="/Library/Java/JavaVirtualMachines/jdk1.8.0_211.jdk/Contents/Home/jre/lib"/>
    <property name="sun.java.command" value="/Users/franciscojaviersanchezdelrosario/wks/adidas/adidas-test-automation/target/surefire/surefirebooter3644992679445484421.jar /Users/franciscojaviersanchezdelrosario/wks/adidas/adidas-test-automation/target/surefire 2021-03-31T09-14-14_580-jvmRun1 surefire543014191050217534tmp surefire_04022069543902210780tmp"/>
    <property name="webdriver.driver" value="chrome"/>
    <property name="surefire.test.class.path" value="/Users/franciscojaviersanchezdelrosario/wks/adidas/adidas-test-automation/target/test-classes:/Users/franciscojaviersanchezdelrosario/wks/adidas/adidas-test-automation/target/adidas-test-automation-1.0-SNAPSHOT.jar:/Users/franciscojaviersanchezdelrosario/.m2/repository/net/serenity-bdd/serenity-core/2.4.1/serenity-core-2.4.1.jar:/Users/franciscojaviersanchezdelrosario/.m2/repository/net/serenity-bdd/serenity-model/2.4.1/serenity-model-2.4.1.jar:/Users/franciscojaviersanchezdelrosario/.m2/repository/com/google/guava/guava/30.1-jre/guava-30.1-jre.jar:/Users/franciscojaviersanchezdelrosario/.m2/repository/com/google/guava/failureaccess/1.0.1/failureaccess-1.0.1.jar:/Users/franciscojaviersanchezdelrosario/.m2/repository/com/google/guava/listenablefuture/9999.0-empty-to-avoid-conflict-with-guava/listenablefuture-9999.0-empty-to-avoid-conflict-with-guava.jar:/Users/franciscojaviersanchezdelrosario/.m2/repository/com/google/code/findbugs/jsr305/3.0.2/jsr305-3.0.2.jar:/Users/franciscojaviersanchezdelrosario/.m2/repository/org/checkerframework/checker-qual/3.5.0/checker-qual-3.5.0.jar:/Users/franciscojaviersanchezdelrosario/.m2/repository/com/google/errorprone/error_prone_annotations/2.3.4/error_prone_annotations-2.3.4.jar:/Users/franciscojaviersanchezdelrosario/.m2/repository/com/google/j2objc/j2objc-annotations/1.3/j2objc-annotations-1.3.jar:/Users/franciscojaviersanchezdelrosario/.m2/repository/com/google/inject/guice/5.0.1/guice-5.0.1.jar:/Users/franciscojaviersanchezdelrosario/.m2/repository/aopalliance/aopalliance/1.0/aopalliance-1.0.jar:/Users/franciscojaviersanchezdelrosario/.m2/repository/org/jsoup/jsoup/1.13.1/jsoup-1.13.1.jar:/Users/franciscojaviersanchezdelrosario/.m2/repository/com/thoughtworks/xstream/xstream/1.4.13/xstream-1.4.13.jar:/Users/franciscojaviersanchezdelrosario/.m2/repository/xmlpull/xmlpull/1.1.3.1/xmlpull-1.1.3.1.jar:/Users/franciscojaviersanchezdelrosario/.m2/repository/xpp3/xpp3_min/1.1.4c/xpp3_min-1.1.4c.jar:/Users/franciscojaviersanchezdelrosario/.m2/repository/io/cucumber/cucumber-core/6.10.2/cucumber-core-6.10.2.jar:/Users/franciscojaviersanchezdelrosario/.m2/repository/io/cucumber/cucumber-gherkin/6.10.2/cucumber-gherkin-6.10.2.jar:/Users/franciscojaviersanchezdelrosario/.m2/repository/io/cucumber/cucumber-gherkin-messages/6.10.2/cucumber-gherkin-messages-6.10.2.jar:/Users/franciscojaviersanchezdelrosario/.m2/repository/io/cucumber/messages/14.0.1/messages-14.0.1.jar:/Users/franciscojaviersanchezdelrosario/.m2/repository/io/cucumber/tag-expressions/3.0.0/tag-expressions-3.0.0.jar:/Users/franciscojaviersanchezdelrosario/.m2/repository/io/cucumber/cucumber-expressions/10.3.0/cucumber-expressions-10.3.0.jar:/Users/franciscojaviersanchezdelrosario/.m2/repository/io/cucumber/cucumber-plugin/6.10.2/cucumber-plugin-6.10.2.jar:/Users/franciscojaviersanchezdelrosario/.m2/repository/io/cucumber/docstring/6.10.2/docstring-6.10.2.jar:/Users/franciscojaviersanchezdelrosario/.m2/repository/io/cucumber/html-formatter/12.0.0/html-formatter-12.0.0.jar:/Users/franciscojaviersanchezdelrosario/.m2/repository/io/cucumber/create-meta/3.0.0/create-meta-3.0.0.jar:/Users/franciscojaviersanchezdelrosario/.m2/repository/com/typesafe/config/1.3.1/config-1.3.1.jar:/Users/franciscojaviersanchezdelrosario/.m2/repository/org/imgscalr/imgscalr-lib/4.2/imgscalr-lib-4.2.jar:/Users/franciscojaviersanchezdelrosario/.m2/repository/org/awaitility/awaitility/4.0.3/awaitility-4.0.3.jar:/Users/franciscojaviersanchezdelrosario/.m2/repository/org/freemarker/freemarker/2.3.29/freemarker-2.3.29.jar:/Users/franciscojaviersanchezdelrosario/.m2/repository/net/sourceforge/jexcelapi/jxl/2.6.12/jxl-2.6.12.jar:/Users/franciscojaviersanchezdelrosario/.m2/repository/org/asciidoctor/asciidoctorj/1.5.6/asciidoctorj-1.5.6.jar:/Users/franciscojaviersanchezdelrosario/.m2/repository/org/jruby/jruby-complete/1.7.26/jruby-complete-1.7.26.jar:/Users/franciscojaviersanchezdelrosario/.m2/repository/net/bytebuddy/byte-buddy/1.10.10/byte-buddy-1.10.10.jar:/Users/franciscojaviersanchezdelrosario/.m2/repository/net/bytebuddy/byte-buddy-agent/1.10.10/byte-buddy-agent-1.10.10.jar:/Users/franciscojaviersanchezdelrosario/.m2/repository/org/objenesis/objenesis/3.1/objenesis-3.1.jar:/Users/franciscojaviersanchezdelrosario/.m2/repository/net/serenity-bdd/serenity-report-resources/2.4.1/serenity-report-resources-2.4.1.jar:/Users/franciscojaviersanchezdelrosario/.m2/repository/com/google/code/gson/gson/2.8.6/gson-2.8.6.jar:/Users/franciscojaviersanchezdelrosario/.m2/repository/commons-codec/commons-codec/1.15/commons-codec-1.15.jar:/Users/franciscojaviersanchezdelrosario/.m2/repository/commons-io/commons-io/2.6/commons-io-2.6.jar:/Users/franciscojaviersanchezdelrosario/.m2/repository/org/seleniumhq/selenium/selenium-server/3.141.59/selenium-server-3.141.59.jar:/Users/franciscojaviersanchezdelrosario/.m2/repository/org/seleniumhq/selenium/selenium-opera-driver/3.141.59/selenium-opera-driver-3.141.59.jar:/Users/franciscojaviersanchezdelrosario/.m2/repository/org/seleniumhq/selenium/selenium-remote-driver/3.141.59/selenium-remote-driver-3.141.59.jar:/Users/franciscojaviersanchezdelrosario/.m2/repository/org/seleniumhq/selenium/selenium-safari-driver/3.141.59/selenium-safari-driver-3.141.59.jar:/Users/franciscojaviersanchezdelrosario/.m2/repository/com/beust/jcommander/1.72/jcommander-1.72.jar:/Users/franciscojaviersanchezdelrosario/.m2/repository/org/apache/commons/commons-exec/1.3/commons-exec-1.3.jar:/Users/franciscojaviersanchezdelrosario/.m2/repository/net/jcip/jcip-annotations/1.0/jcip-annotations-1.0.jar:/Users/franciscojaviersanchezdelrosario/.m2/repository/org/seleniumhq/selenium/jetty-repacked/9.4.12.v20180830/jetty-repacked-9.4.12.v20180830.jar:/Users/franciscojaviersanchezdelrosario/.m2/repository/com/squareup/okhttp3/okhttp/3.11.0/okhttp-3.11.0.jar:/Users/franciscojaviersanchezdelrosario/.m2/repository/com/squareup/okio/okio/1.14.0/okio-1.14.0.jar:/Users/franciscojaviersanchezdelrosario/.m2/repository/javax/servlet/javax.servlet-api/3.1.0/javax.servlet-api-3.1.0.jar:/Users/franciscojaviersanchezdelrosario/.m2/repository/org/yaml/snakeyaml/1.19/snakeyaml-1.19.jar:/Users/franciscojaviersanchezdelrosario/.m2/repository/org/seleniumhq/selenium/selenium-java/3.141.59/selenium-java-3.141.59.jar:/Users/franciscojaviersanchezdelrosario/.m2/repository/org/seleniumhq/selenium/selenium-api/3.141.59/selenium-api-3.141.59.jar:/Users/franciscojaviersanchezdelrosario/.m2/repository/org/seleniumhq/selenium/selenium-support/3.141.59/selenium-support-3.141.59.jar:/Users/franciscojaviersanchezdelrosario/.m2/repository/org/seleniumhq/selenium/selenium-chrome-driver/3.141.59/selenium-chrome-driver-3.141.59.jar:/Users/franciscojaviersanchezdelrosario/.m2/repository/org/seleniumhq/selenium/selenium-firefox-driver/3.141.59/selenium-firefox-driver-3.141.59.jar:/Users/franciscojaviersanchezdelrosario/.m2/repository/org/seleniumhq/selenium/selenium-edge-driver/3.141.59/selenium-edge-driver-3.141.59.jar:/Users/franciscojaviersanchezdelrosario/.m2/repository/org/seleniumhq/selenium/selenium-ie-driver/3.141.59/selenium-ie-driver-3.141.59.jar:/Users/franciscojaviersanchezdelrosario/.m2/repository/net/sourceforge/htmlunit/htmlunit/2.47.1/htmlunit-2.47.1.jar:/Users/franciscojaviersanchezdelrosario/.m2/repository/xalan/xalan/2.7.2/xalan-2.7.2.jar:/Users/franciscojaviersanchezdelrosario/.m2/repository/xalan/serializer/2.7.2/serializer-2.7.2.jar:/Users/franciscojaviersanchezdelrosario/.m2/repository/org/apache/httpcomponents/httpmime/4.5.13/httpmime-4.5.13.jar:/Users/franciscojaviersanchezdelrosario/.m2/repository/org/apache/httpcomponents/httpclient/4.5.13/httpclient-4.5.13.jar:/Users/franciscojaviersanchezdelrosario/.m2/repository/org/apache/httpcomponents/httpcore/4.4.13/httpcore-4.4.13.jar:/Users/franciscojaviersanchezdelrosario/.m2/repository/net/sourceforge/htmlunit/htmlunit-core-js/2.47.0/htmlunit-core-js-2.47.0.jar:/Users/franciscojaviersanchezdelrosario/.m2/repository/net/sourceforge/htmlunit/neko-htmlunit/2.47.1/neko-htmlunit-2.47.1.jar:/Users/franciscojaviersanchezdelrosario/.m2/repository/xerces/xercesImpl/2.12.0/xercesImpl-2.12.0.jar:/Users/franciscojaviersanchezdelrosario/.m2/repository/xml-apis/xml-apis/1.4.01/xml-apis-1.4.01.jar:/Users/franciscojaviersanchezdelrosario/.m2/repository/net/sourceforge/htmlunit/htmlunit-cssparser/1.7.0/htmlunit-cssparser-1.7.0.jar:/Users/franciscojaviersanchezdelrosario/.m2/repository/org/brotli/dec/0.1.2/dec-0.1.2.jar:/Users/franciscojaviersanchezdelrosario/.m2/repository/com/shapesecurity/salvation2/3.0.0/salvation2-3.0.0.jar:/Users/franciscojaviersanchezdelrosario/.m2/repository/org/eclipse/jetty/websocket/websocket-client/9.4.36.v20210114/websocket-client-9.4.36.v20210114.jar:/Users/franciscojaviersanchezdelrosario/.m2/repository/org/eclipse/jetty/jetty-client/9.4.36.v20210114/jetty-client-9.4.36.v20210114.jar:/Users/franciscojaviersanchezdelrosario/.m2/repository/org/eclipse/jetty/jetty-http/9.4.36.v20210114/jetty-http-9.4.36.v20210114.jar:/Users/franciscojaviersanchezdelrosario/.m2/repository/org/eclipse/jetty/jetty-util/9.4.36.v20210114/jetty-util-9.4.36.v20210114.jar:/Users/franciscojaviersanchezdelrosario/.m2/repository/org/eclipse/jetty/jetty-io/9.4.36.v20210114/jetty-io-9.4.36.v20210114.jar:/Users/franciscojaviersanchezdelrosario/.m2/repository/org/eclipse/jetty/websocket/websocket-common/9.4.36.v20210114/websocket-common-9.4.36.v20210114.jar:/Users/franciscojaviersanchezdelrosario/.m2/repository/org/eclipse/jetty/websocket/websocket-api/9.4.36.v20210114/websocket-api-9.4.36.v20210114.jar:/Users/franciscojaviersanchezdelrosario/.m2/repository/org/seleniumhq/selenium/htmlunit-driver/2.47.1/htmlunit-driver-2.47.1.jar:/Users/franciscojaviersanchezdelrosario/.m2/repository/com/codeborne/phantomjsdriver/1.4.4/phantomjsdriver-1.4.4.jar:/Users/franciscojaviersanchezdelrosario/.m2/repository/io/appium/java-client/7.3.0/java-client-7.3.0.jar:/Users/franciscojaviersanchezdelrosario/.m2/repository/commons-validator/commons-validator/1.6/commons-validator-1.6.jar:/Users/franciscojaviersanchezdelrosario/.m2/repository/commons-digester/commons-digester/1.8.1/commons-digester-1.8.1.jar:/Users/franciscojaviersanchezdelrosario/.m2/repository/org/aspectj/aspectjweaver/1.9.4/aspectjweaver-1.9.4.jar:/Users/franciscojaviersanchezdelrosario/.m2/repository/org/codehaus/groovy/groovy/3.0.7/groovy-3.0.7.jar:/Users/franciscojaviersanchezdelrosario/.m2/repository/net/sf/opencsv/opencsv/2.0/opencsv-2.0.jar:/Users/franciscojaviersanchezdelrosario/.m2/repository/commons-beanutils/commons-beanutils/1.9.4/commons-beanutils-1.9.4.jar:/Users/franciscojaviersanchezdelrosario/.m2/repository/org/apache/commons/commons-lang3/3.11/commons-lang3-3.11.jar:/Users/franciscojaviersanchezdelrosario/.m2/repository/commons-collections/commons-collections/3.2.2/commons-collections-3.2.2.jar:/Users/franciscojaviersanchezdelrosario/.m2/repository/org/fluentlenium/fluentlenium-core/0.10.2/fluentlenium-core-0.10.2.jar:/Users/franciscojaviersanchezdelrosario/.m2/repository/io/github/bonigarcia/webdrivermanager/4.3.1/webdrivermanager-4.3.1.jar:/Users/franciscojaviersanchezdelrosario/.m2/repository/org/apache/httpcomponents/client5/httpclient5/5.0.3/httpclient5-5.0.3.jar:/Users/franciscojaviersanchezdelrosario/.m2/repository/org/apache/httpcomponents/core5/httpcore5/5.0.2/httpcore5-5.0.2.jar:/Users/franciscojaviersanchezdelrosario/.m2/repository/org/apache/httpcomponents/core5/httpcore5-h2/5.0.2/httpcore5-h2-5.0.2.jar:/Users/franciscojaviersanchezdelrosario/.m2/repository/org/rauschig/jarchivelib/1.1.0/jarchivelib-1.1.0.jar:/Users/franciscojaviersanchezdelrosario/.m2/repository/org/apache/commons/commons-compress/1.20/commons-compress-1.20.jar:/Users/franciscojaviersanchezdelrosario/.m2/repository/com/jhlabs/filters/2.0.235/filters-2.0.235.jar:/Users/franciscojaviersanchezdelrosario/.m2/repository/com/assertthat/selenium-shutterbug/0.9.3/selenium-shutterbug-0.9.3.jar:/Users/franciscojaviersanchezdelrosario/.m2/repository/com/github/zafarkhaja/java-semver/0.9.0/java-semver-0.9.0.jar:/Users/franciscojaviersanchezdelrosario/.m2/repository/com/paulhammant/ngwebdriver/1.1.5/ngwebdriver-1.1.5.jar:/Users/franciscojaviersanchezdelrosario/.m2/repository/joda-time/joda-time/2.8.2/joda-time-2.8.2.jar:/Users/franciscojaviersanchezdelrosario/.m2/repository/org/hamcrest/hamcrest/2.2/hamcrest-2.2.jar:/Users/franciscojaviersanchezdelrosario/.m2/repository/com/google/jimfs/jimfs/1.1/jimfs-1.1.jar:/Users/franciscojaviersanchezdelrosario/.m2/repository/org/mockito/mockito-core/3.3.3/mockito-core-3.3.3.jar:/Users/franciscojaviersanchezdelrosario/.m2/repository/javax/xml/bind/jaxb-api/2.3.1/jaxb-api-2.3.1.jar:/Users/franciscojaviersanchezdelrosario/.m2/repository/javax/activation/javax.activation-api/1.2.0/javax.activation-api-1.2.0.jar:/Users/franciscojaviersanchezdelrosario/.m2/repository/com/sun/xml/bind/jaxb-core/2.3.0.1/jaxb-core-2.3.0.1.jar:/Users/franciscojaviersanchezdelrosario/.m2/repository/com/sun/xml/bind/jaxb-impl/2.3.3/jaxb-impl-2.3.3.jar:/Users/franciscojaviersanchezdelrosario/.m2/repository/jakarta/xml/bind/jakarta.xml.bind-api/2.3.3/jakarta.xml.bind-api-2.3.3.jar:/Users/franciscojaviersanchezdelrosario/.m2/repository/com/sun/activation/jakarta.activation/1.2.2/jakarta.activation-1.2.2.jar:/Users/franciscojaviersanchezdelrosario/.m2/repository/javax/activation/activation/1.1.1/activation-1.1.1.jar:/Users/franciscojaviersanchezdelrosario/.m2/repository/net/serenity-bdd/serenity-junit/2.4.1/serenity-junit-2.4.1.jar:/Users/franciscojaviersanchezdelrosario/.m2/repository/net/serenity-bdd/serenity-reports/2.4.1/serenity-reports-2.4.1.jar:/Users/franciscojaviersanchezdelrosario/.m2/repository/net/serenity-bdd/serenity-stats/2.4.1/serenity-stats-2.4.1.jar:/Users/franciscojaviersanchezdelrosario/.m2/repository/net/serenity-bdd/serenity-reports-configuration/2.4.1/serenity-reports-configuration-2.4.1.jar:/Users/franciscojaviersanchezdelrosario/.m2/repository/com/vladsch/flexmark/flexmark-all/0.34.30/flexmark-all-0.34.30.jar:/Users/franciscojaviersanchezdelrosario/.m2/repository/com/vladsch/flexmark/flexmark/0.34.30/flexmark-0.34.30.jar:/Users/franciscojaviersanchezdelrosario/.m2/repository/com/vladsch/flexmark/flexmark-ext-abbreviation/0.34.30/flexmark-ext-abbreviation-0.34.30.jar:/Users/franciscojaviersanchezdelrosario/.m2/repository/com/vladsch/flexmark/flexmark-ext-admonition/0.34.30/flexmark-ext-admonition-0.34.30.jar:/Users/franciscojaviersanchezdelrosario/.m2/repository/com/vladsch/flexmark/flexmark-ext-anchorlink/0.34.30/flexmark-ext-anchorlink-0.34.30.jar:/Users/franciscojaviersanchezdelrosario/.m2/repository/com/vladsch/flexmark/flexmark-ext-aside/0.34.30/flexmark-ext-aside-0.34.30.jar:/Users/franciscojaviersanchezdelrosario/.m2/repository/com/vladsch/flexmark/flexmark-ext-attributes/0.34.30/flexmark-ext-attributes-0.34.30.jar:/Users/franciscojaviersanchezdelrosario/.m2/repository/com/vladsch/flexmark/flexmark-ext-autolink/0.34.30/flexmark-ext-autolink-0.34.30.jar:/Users/franciscojaviersanchezdelrosario/.m2/repository/org/nibor/autolink/autolink/0.6.0/autolink-0.6.0.jar:/Users/franciscojaviersanchezdelrosario/.m2/repository/com/vladsch/flexmark/flexmark-ext-definition/0.34.30/flexmark-ext-definition-0.34.30.jar:/Users/franciscojaviersanchezdelrosario/.m2/repository/com/vladsch/flexmark/flexmark-ext-emoji/0.34.30/flexmark-ext-emoji-0.34.30.jar:/Users/franciscojaviersanchezdelrosario/.m2/repository/com/vladsch/flexmark/flexmark-ext-enumerated-reference/0.34.30/flexmark-ext-enumerated-reference-0.34.30.jar:/Users/franciscojaviersanchezdelrosario/.m2/repository/com/vladsch/flexmark/flexmark-ext-escaped-character/0.34.30/flexmark-ext-escaped-character-0.34.30.jar:/Users/franciscojaviersanchezdelrosario/.m2/repository/com/vladsch/flexmark/flexmark-ext-footnotes/0.34.30/flexmark-ext-footnotes-0.34.30.jar:/Users/franciscojaviersanchezdelrosario/.m2/repository/com/vladsch/flexmark/flexmark-ext-gfm-issues/0.34.30/flexmark-ext-gfm-issues-0.34.30.jar:/Users/franciscojaviersanchezdelrosario/.m2/repository/com/vladsch/flexmark/flexmark-ext-gfm-strikethrough/0.34.30/flexmark-ext-gfm-strikethrough-0.34.30.jar:/Users/franciscojaviersanchezdelrosario/.m2/repository/com/vladsch/flexmark/flexmark-ext-gfm-tables/0.34.30/flexmark-ext-gfm-tables-0.34.30.jar:/Users/franciscojaviersanchezdelrosario/.m2/repository/com/vladsch/flexmark/flexmark-ext-gfm-tasklist/0.34.30/flexmark-ext-gfm-tasklist-0.34.30.jar:/Users/franciscojaviersanchezdelrosario/.m2/repository/com/vladsch/flexmark/flexmark-ext-gfm-users/0.34.30/flexmark-ext-gfm-users-0.34.30.jar:/Users/franciscojaviersanchezdelrosario/.m2/repository/com/vladsch/flexmark/flexmark-ext-gitlab/0.34.30/flexmark-ext-gitlab-0.34.30.jar:/Users/franciscojaviersanchezdelrosario/.m2/repository/com/vladsch/flexmark/flexmark-ext-jekyll-front-matter/0.34.30/flexmark-ext-jekyll-front-matter-0.34.30.jar:/Users/franciscojaviersanchezdelrosario/.m2/repository/com/vladsch/flexmark/flexmark-ext-jekyll-tag/0.34.30/flexmark-ext-jekyll-tag-0.34.30.jar:/Users/franciscojaviersanchezdelrosario/.m2/repository/com/vladsch/flexmark/flexmark-ext-media-tags/0.34.30/flexmark-ext-media-tags-0.34.30.jar:/Users/franciscojaviersanchezdelrosario/.m2/repository/com/vladsch/flexmark/flexmark-test-util/0.34.30/flexmark-test-util-0.34.30.jar:/Users/franciscojaviersanchezdelrosario/.m2/repository/com/vladsch/flexmark/flexmark-ext-ins/0.34.30/flexmark-ext-ins-0.34.30.jar:/Users/franciscojaviersanchezdelrosario/.m2/repository/com/vladsch/flexmark/flexmark-ext-xwiki-macros/0.34.30/flexmark-ext-xwiki-macros-0.34.30.jar:/Users/franciscojaviersanchezdelrosario/.m2/repository/com/vladsch/flexmark/flexmark-ext-superscript/0.34.30/flexmark-ext-superscript-0.34.30.jar:/Users/franciscojaviersanchezdelrosario/.m2/repository/com/vladsch/flexmark/flexmark-ext-tables/0.34.30/flexmark-ext-tables-0.34.30.jar:/Users/franciscojaviersanchezdelrosario/.m2/repository/com/vladsch/flexmark/flexmark-ext-toc/0.34.30/flexmark-ext-toc-0.34.30.jar:/Users/franciscojaviersanchezdelrosario/.m2/repository/com/vladsch/flexmark/flexmark-ext-typographic/0.34.30/flexmark-ext-typographic-0.34.30.jar:/Users/franciscojaviersanchezdelrosario/.m2/repository/com/vladsch/flexmark/flexmark-ext-wikilink/0.34.30/flexmark-ext-wikilink-0.34.30.jar:/Users/franciscojaviersanchezdelrosario/.m2/repository/com/vladsch/flexmark/flexmark-ext-yaml-front-matter/0.34.30/flexmark-ext-yaml-front-matter-0.34.30.jar:/Users/franciscojaviersanchezdelrosario/.m2/repository/com/vladsch/flexmark/flexmark-ext-youtube-embedded/0.34.30/flexmark-ext-youtube-embedded-0.34.30.jar:/Users/franciscojaviersanchezdelrosario/.m2/repository/com/vladsch/flexmark/flexmark-formatter/0.34.30/flexmark-formatter-0.34.30.jar:/Users/franciscojaviersanchezdelrosario/.m2/repository/com/vladsch/flexmark/flexmark-html-parser/0.34.30/flexmark-html-parser-0.34.30.jar:/Users/franciscojaviersanchezdelrosario/.m2/repository/com/vladsch/flexmark/flexmark-jira-converter/0.34.30/flexmark-jira-converter-0.34.30.jar:/Users/franciscojaviersanchezdelrosario/.m2/repository/com/vladsch/flexmark/flexmark-pdf-converter/0.34.30/flexmark-pdf-converter-0.34.30.jar:/Users/franciscojaviersanchezdelrosario/.m2/repository/com/openhtmltopdf/openhtmltopdf-core/0.0.1-RC13/openhtmltopdf-core-0.0.1-RC13.jar:/Users/franciscojaviersanchezdelrosario/.m2/repository/com/openhtmltopdf/openhtmltopdf-pdfbox/0.0.1-RC13/openhtmltopdf-pdfbox-0.0.1-RC13.jar:/Users/franciscojaviersanchezdelrosario/.m2/repository/org/apache/pdfbox/pdfbox/2.0.8/pdfbox-2.0.8.jar:/Users/franciscojaviersanchezdelrosario/.m2/repository/org/apache/pdfbox/fontbox/2.0.8/fontbox-2.0.8.jar:/Users/franciscojaviersanchezdelrosario/.m2/repository/org/apache/pdfbox/xmpbox/2.0.8/xmpbox-2.0.8.jar:/Users/franciscojaviersanchezdelrosario/.m2/repository/de/rototor/pdfbox/graphics2d/0.12/graphics2d-0.12.jar:/Users/franciscojaviersanchezdelrosario/.m2/repository/com/openhtmltopdf/openhtmltopdf-rtl-support/0.0.1-RC13/openhtmltopdf-rtl-support-0.0.1-RC13.jar:/Users/franciscojaviersanchezdelrosario/.m2/repository/com/ibm/icu/icu4j/59.1/icu4j-59.1.jar:/Users/franciscojaviersanchezdelrosario/.m2/repository/com/openhtmltopdf/openhtmltopdf-jsoup-dom-converter/0.0.1-RC13/openhtmltopdf-jsoup-dom-converter-0.0.1-RC13.jar:/Users/franciscojaviersanchezdelrosario/.m2/repository/com/vladsch/flexmark/flexmark-profile-pegdown/0.34.30/flexmark-profile-pegdown-0.34.30.jar:/Users/franciscojaviersanchezdelrosario/.m2/repository/com/vladsch/flexmark/flexmark-util/0.34.30/flexmark-util-0.34.30.jar:/Users/franciscojaviersanchezdelrosario/.m2/repository/com/vladsch/flexmark/flexmark-youtrack-converter/0.34.30/flexmark-youtrack-converter-0.34.30.jar:/Users/franciscojaviersanchezdelrosario/.m2/repository/es/nitaur/markdown/txtmark/0.16/txtmark-0.16.jar:/Users/franciscojaviersanchezdelrosario/.m2/repository/net/serenity-bdd/maven/plugins/serenity-maven-plugin/2.4.1/serenity-maven-plugin-2.4.1.jar:/Users/franciscojaviersanchezdelrosario/.m2/repository/org/apache/maven/maven-core/3.6.3/maven-core-3.6.3.jar:/Users/franciscojaviersanchezdelrosario/.m2/repository/org/apache/maven/maven-model/3.6.3/maven-model-3.6.3.jar:/Users/franciscojaviersanchezdelrosario/.m2/repository/org/apache/maven/maven-settings/3.6.3/maven-settings-3.6.3.jar:/Users/franciscojaviersanchezdelrosario/.m2/repository/org/apache/maven/maven-settings-builder/3.6.3/maven-settings-builder-3.6.3.jar:/Users/franciscojaviersanchezdelrosario/.m2/repository/org/codehaus/plexus/plexus-interpolation/1.25/plexus-interpolation-1.25.jar:/Users/franciscojaviersanchezdelrosario/.m2/repository/org/sonatype/plexus/plexus-sec-dispatcher/1.4/plexus-sec-dispatcher-1.4.jar:/Users/franciscojaviersanchezdelrosario/.m2/repository/org/sonatype/plexus/plexus-cipher/1.4/plexus-cipher-1.4.jar:/Users/franciscojaviersanchezdelrosario/.m2/repository/org/apache/maven/maven-builder-support/3.6.3/maven-builder-support-3.6.3.jar:/Users/franciscojaviersanchezdelrosario/.m2/repository/org/apache/maven/maven-repository-metadata/3.6.3/maven-repository-metadata-3.6.3.jar:/Users/franciscojaviersanchezdelrosario/.m2/repository/org/apache/maven/maven-artifact/3.6.3/maven-artifact-3.6.3.jar:/Users/franciscojaviersanchezdelrosario/.m2/repository/org/apache/maven/maven-model-builder/3.6.3/maven-model-builder-3.6.3.jar:/Users/franciscojaviersanchezdelrosario/.m2/repository/org/apache/maven/maven-resolver-provider/3.6.3/maven-resolver-provider-3.6.3.jar:/Users/franciscojaviersanchezdelrosario/.m2/repository/org/apache/maven/resolver/maven-resolver-impl/1.4.1/maven-resolver-impl-1.4.1.jar:/Users/franciscojaviersanchezdelrosario/.m2/repository/org/apache/maven/resolver/maven-resolver-api/1.4.1/maven-resolver-api-1.4.1.jar:/Users/franciscojaviersanchezdelrosario/.m2/repository/org/apache/maven/resolver/maven-resolver-spi/1.4.1/maven-resolver-spi-1.4.1.jar:/Users/franciscojaviersanchezdelrosario/.m2/repository/org/apache/maven/resolver/maven-resolver-util/1.4.1/maven-resolver-util-1.4.1.jar:/Users/franciscojaviersanchezdelrosario/.m2/repository/org/apache/maven/shared/maven-shared-utils/3.2.1/maven-shared-utils-3.2.1.jar:/Users/franciscojaviersanchezdelrosario/.m2/repository/org/eclipse/sisu/org.eclipse.sisu.plexus/0.3.4/org.eclipse.sisu.plexus-0.3.4.jar:/Users/franciscojaviersanchezdelrosario/.m2/repository/javax/enterprise/cdi-api/1.0/cdi-api-1.0.jar:/Users/franciscojaviersanchezdelrosario/.m2/repository/javax/annotation/jsr250-api/1.0/jsr250-api-1.0.jar:/Users/franciscojaviersanchezdelrosario/.m2/repository/org/eclipse/sisu/org.eclipse.sisu.inject/0.3.4/org.eclipse.sisu.inject-0.3.4.jar:/Users/franciscojaviersanchezdelrosario/.m2/repository/javax/inject/javax.inject/1/javax.inject-1.jar:/Users/franciscojaviersanchezdelrosario/.m2/repository/org/codehaus/plexus/plexus-classworlds/2.6.0/plexus-classworlds-2.6.0.jar:/Users/franciscojaviersanchezdelrosario/.m2/repository/org/codehaus/plexus/plexus-component-annotations/2.1.0/plexus-component-annotations-2.1.0.jar:/Users/franciscojaviersanchezdelrosario/.m2/repository/org/codehaus/plexus/plexus-utils/3.2.1/plexus-utils-3.2.1.jar:/Users/franciscojaviersanchezdelrosario/.m2/repository/org/apache/maven/maven-plugin-api/3.6.3/maven-plugin-api-3.6.3.jar:/Users/franciscojaviersanchezdelrosario/.m2/repository/org/apache/maven/reporting/maven-reporting-api/3.0/maven-reporting-api-3.0.jar:/Users/franciscojaviersanchezdelrosario/.m2/repository/org/apache/maven/doxia/doxia-sink-api/1.0/doxia-sink-api-1.0.jar:/Users/franciscojaviersanchezdelrosario/.m2/repository/org/apache/maven/plugin-tools/maven-plugin-annotations/3.5/maven-plugin-annotations-3.5.jar:/Users/franciscojaviersanchezdelrosario/.m2/repository/net/serenity-bdd/serenity-rest-assured/2.4.1/serenity-rest-assured-2.4.1.jar:/Users/franciscojaviersanchezdelrosario/.m2/repository/io/rest-assured/rest-assured/4.3.3/rest-assured-4.3.3.jar:/Users/franciscojaviersanchezdelrosario/.m2/repository/org/ccil/cowan/tagsoup/tagsoup/1.2.1/tagsoup-1.2.1.jar:/Users/franciscojaviersanchezdelrosario/.m2/repository/io/rest-assured/json-path/4.3.3/json-path-4.3.3.jar:/Users/franciscojaviersanchezdelrosario/.m2/repository/io/rest-assured/rest-assured-common/4.3.3/rest-assured-common-4.3.3.jar:/Users/franciscojaviersanchezdelrosario/.m2/repository/io/rest-assured/xml-path/4.3.3/xml-path-4.3.3.jar:/Users/franciscojaviersanchezdelrosario/.m2/repository/org/codehaus/groovy/groovy-json/3.0.7/groovy-json-3.0.7.jar:/Users/franciscojaviersanchezdelrosario/.m2/repository/org/codehaus/groovy/groovy-xml/3.0.7/groovy-xml-3.0.7.jar:/Users/franciscojaviersanchezdelrosario/.m2/repository/org/opentest4j/opentest4j/1.2.0/opentest4j-1.2.0.jar:/Users/franciscojaviersanchezdelrosario/.m2/repository/net/serenity-bdd/serenity-ensure/2.4.1/serenity-ensure-2.4.1.jar:/Users/franciscojaviersanchezdelrosario/.m2/repository/net/serenity-bdd/serenity-screenplay/2.4.1/serenity-screenplay-2.4.1.jar:/Users/franciscojaviersanchezdelrosario/.m2/repository/net/serenity-bdd/serenity-screenplay-webdriver/2.4.1/serenity-screenplay-webdriver-2.4.1.jar:/Users/franciscojaviersanchezdelrosario/.m2/repository/org/jetbrains/kotlin/kotlin-stdlib/1.4.10/kotlin-stdlib-1.4.10.jar:/Users/franciscojaviersanchezdelrosario/.m2/repository/org/jetbrains/kotlin/kotlin-stdlib-common/1.4.10/kotlin-stdlib-common-1.4.10.jar:/Users/franciscojaviersanchezdelrosario/.m2/repository/org/jetbrains/annotations/13.0/annotations-13.0.jar:/Users/franciscojaviersanchezdelrosario/.m2/repository/net/serenity-bdd/serenity-cucumber6/2.4.1/serenity-cucumber6-2.4.1.jar:/Users/franciscojaviersanchezdelrosario/.m2/repository/io/cucumber/cucumber-java/6.10.2/cucumber-java-6.10.2.jar:/Users/franciscojaviersanchezdelrosario/.m2/repository/org/apiguardian/apiguardian-api/1.1.1/apiguardian-api-1.1.1.jar:/Users/franciscojaviersanchezdelrosario/.m2/repository/io/cucumber/cucumber-junit/6.10.2/cucumber-junit-6.10.2.jar:/Users/franciscojaviersanchezdelrosario/.m2/repository/io/cucumber/datatable-matchers/3.4.0/datatable-matchers-3.4.0.jar:/Users/franciscojaviersanchezdelrosario/.m2/repository/io/cucumber/datatable/3.4.0/datatable-3.4.0.jar:/Users/franciscojaviersanchezdelrosario/.m2/repository/commons-logging/commons-logging/1.2/commons-logging-1.2.jar:/Users/franciscojaviersanchezdelrosario/.m2/repository/org/apache/commons/commons-csv/1.5/commons-csv-1.5.jar:/Users/franciscojaviersanchezdelrosario/.m2/repository/junit/junit/4.12/junit-4.12.jar:/Users/franciscojaviersanchezdelrosario/.m2/repository/org/hamcrest/hamcrest-core/1.3/hamcrest-core-1.3.jar:/Users/franciscojaviersanchezdelrosario/.m2/repository/commons-net/commons-net/3.7.2/commons-net-3.7.2.jar:/Users/franciscojaviersanchezdelrosario/.m2/repository/org/apache/commons/commons-text/1.9/commons-text-1.9.jar:/Users/franciscojaviersanchezdelrosario/.m2/repository/org/assertj/assertj-guava/3.4.0/assertj-guava-3.4.0.jar:/Users/franciscojaviersanchezdelrosario/.m2/repository/org/assertj/assertj-core/3.16.1/assertj-core-3.16.1.jar:/Users/franciscojaviersanchezdelrosario/.m2/repository/org/projectlombok/lombok/1.18.12/lombok-1.18.12.jar:/Users/franciscojaviersanchezdelrosario/.m2/repository/org/json/json/20200518/json-20200518.jar:/Users/franciscojaviersanchezdelrosario/.m2/repository/org/slf4j/slf4j-simple/1.7.26/slf4j-simple-1.7.26.jar:/Users/franciscojaviersanchezdelrosario/.m2/repository/org/slf4j/slf4j-api/1.7.26/slf4j-api-1.7.26.jar:/Users/franciscojaviersanchezdelrosario/wks/adidas/adidas-test-automation/target/classes:"/>
    <property name="sun.cpu.endian" value="little"/>
    <property name="user.home" value="/Users/franciscojaviersanchezdelrosario"/>
    <property name="user.language" value="en"/>
    <property name="java.specification.vendor" value="Oracle Corporation"/>
    <property name="java.home" value="/Library/Java/JavaVirtualMachines/jdk1.8.0_211.jdk/Contents/Home/jre"/>
    <property name="basedir" value="/Users/franciscojaviersanchezdelrosario/wks/adidas/adidas-test-automation"/>
    <property name="file.separator" value="/"/>
    <property name="line.separator" value="&#10;"/>
    <property name="webdriver.timeouts.implicitlywait" value="8000"/>
    <property name="java.vm.specification.vendor" value="Oracle Corporation"/>
    <property name="java.specification.name" value="Java Platform API Specification"/>
    <property name="java.awt.graphicsenv" value="sun.awt.CGraphicsEnvironment"/>
    <property name="surefire.real.class.path" value="/Users/franciscojaviersanchezdelrosario/wks/adidas/adidas-test-automation/target/surefire/surefirebooter3644992679445484421.jar"/>
    <property name="sun.boot.class.path" value="/Library/Java/JavaVirtualMachines/jdk1.8.0_211.jdk/Contents/Home/jre/lib/resources.jar:/Library/Java/JavaVirtualMachines/jdk1.8.0_211.jdk/Contents/Home/jre/lib/rt.jar:/Library/Java/JavaVirtualMachines/jdk1.8.0_211.jdk/Contents/Home/jre/lib/sunrsasign.jar:/Library/Java/JavaVirtualMachines/jdk1.8.0_211.jdk/Contents/Home/jre/lib/jsse.jar:/Library/Java/JavaVirtualMachines/jdk1.8.0_211.jdk/Contents/Home/jre/lib/jce.jar:/Library/Java/JavaVirtualMachines/jdk1.8.0_211.jdk/Contents/Home/jre/lib/charsets.jar:/Library/Java/JavaVirtualMachines/jdk1.8.0_211.jdk/Contents/Home/jre/lib/jfr.jar:/Library/Java/JavaVirtualMachines/jdk1.8.0_211.jdk/Contents/Home/jre/classes"/>
    <property name="sun.management.compiler" value="HotSpot 64-Bit Tiered Compilers"/>
    <property name="java.runtime.version" value="1.8.0_211-b12"/>
    <property name="user.name" value="franciscojaviersanchezdelrosario"/>
    <property name="path.separator" value=":"/>
    <property name="os.version" value="10.15.7"/>
    <property name="java.endorsed.dirs" value="/Library/Java/JavaVirtualMachines/jdk1.8.0_211.jdk/Contents/Home/jre/lib/endorsed"/>
    <property name="java.runtime.name" value="Java(TM) SE Runtime Environment"/>
    <property name="file.encoding" value="UTF-8"/>
    <property name="java.vm.name" value="Java HotSpot(TM) 64-Bit Server VM"/>
    <property name="localRepository" value="/Users/franciscojaviersanchezdelrosario/.m2/repository"/>
    <property name="java.vendor.url.bug" value="http://bugreport.sun.com/bugreport/"/>
    <property name="java.io.tmpdir" value="/var/folders/xg/5yywx41j6qq749j8rnjnq5540000gn/T/"/>
    <property name="serenity.browser.height" value="1080"/>
    <property name="java.version" value="1.8.0_211"/>
    <property name="user.dir" value="/Users/franciscojaviersanchezdelrosario/wks/adidas/adidas-test-automation"/>
    <property name="os.arch" value="x86_64"/>
    <property name="webdriver.gecko.driver" value="src/test/resources/drivers/mac/geckodriver"/>
    <property name="java.vm.specification.name" value="Java Virtual Machine Specification"/>
    <property name="java.awt.printerjob" value="sun.lwawt.macosx.CPrinterJob"/>
    <property name="sun.os.patch.level" value="unknown"/>
    <property name="java.library.path" value="/Users/franciscojaviersanchezdelrosario/Library/Java/Extensions:/Library/Java/Extensions:/Network/Library/Java/Extensions:/System/Library/Java/Extensions:/usr/lib/java:."/>
    <property name="java.vm.info" value="mixed mode"/>
    <property name="java.vendor" value="Oracle Corporation"/>
    <property name="java.vm.version" value="25.211-b12"/>
    <property name="serenity.browser.width" value="1920"/>
    <property name="java.ext.dirs" value="/Users/franciscojaviersanchezdelrosario/Library/Java/Extensions:/Library/Java/JavaVirtualMachines/jdk1.8.0_211.jdk/Contents/Home/jre/lib/ext:/Library/Java/Extensions:/Network/Library/Java/Extensions:/System/Library/Java/Extensions:/usr/lib/java"/>
    <property name="sun.io.unicode.encoding" value="UnicodeBig"/>
    <property name="java.class.version" value="52.0"/>
  </properties>
  <testcase name="James sees all the product categories #1" classname="Navigate through product categories" time="15.281"/>
  <testcase name="James sees all the product categories #2" classname="Navigate through product categories" time="3.023">
    <error message="stale element reference: element is not attached to the page document&#10;  (Session info: chrome=89.0.4389.90)&#10;For documentation on this error, please visit: https://www.seleniumhq.org/exceptions/stale_element_reference.html&#10;Build info: version: &apos;3.141.59&apos;, revision: &apos;e82be7d358&apos;, time: &apos;2018-11-14T08:17:03&apos;&#10;System info: host: &apos;ESC02Y30UJJHD2&apos;, ip: &apos;fe80:0:0:0:4ac:4e6b:9347:4775%en0&apos;, os.name: &apos;Mac OS X&apos;, os.arch: &apos;x86_64&apos;, os.version: &apos;10.15.7&apos;, java.version: &apos;1.8.0_211&apos;&#10;Driver info: org.openqa.selenium.chrome.ChromeDriver&#10;Capabilities {acceptInsecureCerts: false, browserName: chrome, browserVersion: 89.0.4389.90, chrome: {chromedriverVersion: 88.0.4324.96 (68dba2d8a0b14..., userDataDir: /var/folders/xg/5yywx41j6qq...}, goog:chromeOptions: {debuggerAddress: localhost:62812}, javascriptEnabled: true, networkConnectionEnabled: false, pageLoadStrategy: normal, platform: MAC, platformName: MAC, proxy: Proxy(), setWindowRect: true, strictFileInteractability: false, timeouts: {implicit: 0, pageLoad: 300000, script: 30000}, unhandledPromptBehavior: dismiss and notify, webauthn:extension:largeBlob: true, webauthn:virtualAuthenticators: true}&#10;Session ID: 8d1b543b41421ca00183a9f08ad2534d" type="org.openqa.selenium.StaleElementReferenceException"><![CDATA[org.openqa.selenium.StaleElementReferenceException: 
stale element reference: element is not attached to the page document
  (Session info: chrome=89.0.4389.90)
For documentation on this error, please visit: https://www.seleniumhq.org/exceptions/stale_element_reference.html
Build info: version: '3.141.59', revision: 'e82be7d358', time: '2018-11-14T08:17:03'
System info: host: 'ESC02Y30UJJHD2', ip: 'fe80:0:0:0:4ac:4e6b:9347:4775%en0', os.name: 'Mac OS X', os.arch: 'x86_64', os.version: '10.15.7', java.version: '1.8.0_211'
Driver info: org.openqa.selenium.chrome.ChromeDriver
Capabilities {acceptInsecureCerts: false, browserName: chrome, browserVersion: 89.0.4389.90, chrome: {chromedriverVersion: 88.0.4324.96 (68dba2d8a0b14..., userDataDir: /var/folders/xg/5yywx41j6qq...}, goog:chromeOptions: {debuggerAddress: localhost:62812}, javascriptEnabled: true, networkConnectionEnabled: false, pageLoadStrategy: normal, platform: MAC, platformName: MAC, proxy: Proxy(), setWindowRect: true, strictFileInteractability: false, timeouts: {implicit: 0, pageLoad: 300000, script: 30000}, unhandledPromptBehavior: dismiss and notify, webauthn:extension:largeBlob: true, webauthn:virtualAuthenticators: true}
Session ID: 8d1b543b41421ca00183a9f08ad2534d
]]></error>
    <system-out><![CDATA[
@Frontend:WebFE
Scenario Outline: James sees all the product categories &amp#27;[90m# src/test/resources/features/web/navigate_product_categoires.feature:13&amp#27;[0m
  &amp#27;[32mGiven &amp#27;[0m&amp#27;[32mJames lands to home page&amp#27;[0m                        &amp#27;[90m# features.web.step_definitions.HomePageStepsDefinitions.jamesLandsToHomePage()&amp#27;[0m
  &amp#27;[32mWhen &amp#27;[0m&amp#27;[32mhe chooses the category &amp#27;[0m&amp#27;[32m&amp#27;[1m"Laptops"&amp#27;[0m                &amp#27;[90m# features.web.step_definitions.HomePageStepsDefinitions.heChoosesTheCategory(java.lang.String)&amp#27;[0m
  &amp#27;[32mThen &amp#27;[0m&amp#27;[32mthe results list is shown&amp#27;[0m                        &amp#27;[90m# features.web.step_definitions.HomePageStepsDefinitions.theResultsListIsShown()&amp#27;[0m
  &amp#27;[31mAnd &amp#27;[0m&amp#27;[31mthe following model &amp#27;[0m&amp#27;[31m&amp#27;[1m"Sony vaio i5"&amp#27;[0m&amp#27;[31m is shown&amp#27;[0m       &amp#27;[90m# features.web.step_definitions.HomePageStepsDefinitions.theFollowingModelIsShown(java.lang.String)&amp#27;[0m
      &amp#27;[31morg.openqa.selenium.StaleElementReferenceException: stale element reference: element is not attached to the page document
  (Session info: chrome=89.0.4389.90)
For documentation on this error, please visit: https://www.seleniumhq.org/exceptions/stale_element_reference.html
Build info: version: '3.141.59', revision: 'e82be7d358', time: '2018-11-14T08:17:03'
System info: host: 'ESC02Y30UJJHD2', ip: 'fe80:0:0:0:4ac:4e6b:9347:4775%en0', os.name: 'Mac OS X', os.arch: 'x86_64', os.version: '10.15.7', java.version: '1.8.0_211'
Driver info: org.openqa.selenium.chrome.ChromeDriver
Capabilities {acceptInsecureCerts: false, browserName: chrome, browserVersion: 89.0.4389.90, chrome: {chromedriverVersion: 88.0.4324.96 (68dba2d8a0b14..., userDataDir: /var/folders/xg/5yywx41j6qq...}, goog:chromeOptions: {debuggerAddress: localhost:62812}, javascriptEnabled: true, networkConnectionEnabled: false, pageLoadStrategy: normal, platform: MAC, platformName: MAC, proxy: Proxy(), setWindowRect: true, strictFileInteractability: false, timeouts: {implicit: 0, pageLoad: 300000, script: 30000}, unhandledPromptBehavior: dismiss and notify, webauthn:extension:largeBlob: true, webauthn:virtualAuthenticators: true}
Session ID: 8d1b543b41421ca00183a9f08ad2534d
	at sun.reflect.NativeConstructorAccessorImpl.newInstance0(Native Method)
	at sun.reflect.NativeConstructorAccessorImpl.newInstance(NativeConstructorAccessorImpl.java:62)
	at sun.reflect.DelegatingConstructorAccessorImpl.newInstance(DelegatingConstructorAccessorImpl.java:45)
	at java.lang.reflect.Constructor.newInstance(Constructor.java:423)
	at org.openqa.selenium.remote.http.W3CHttpResponseCodec.createException(W3CHttpResponseCodec.java:187)
	at org.openqa.selenium.remote.http.W3CHttpResponseCodec.decode(W3CHttpResponseCodec.java:122)
	at org.openqa.selenium.remote.http.W3CHttpResponseCodec.decode(W3CHttpResponseCodec.java:49)
	at org.openqa.selenium.remote.HttpCommandExecutor.execute(HttpCommandExecutor.java:158)
	at org.openqa.selenium.remote.service.DriverCommandExecutor.execute(DriverCommandExecutor.java:83)
	at org.openqa.selenium.remote.RemoteWebDriver.execute(RemoteWebDriver.java:552)
	at org.openqa.selenium.remote.RemoteWebElement.execute(RemoteWebElement.java:285)
	at org.openqa.selenium.remote.RemoteWebElement.getText(RemoteWebElement.java:166)
	at net.serenitybdd.core.pages.WebElementFacadeImpl.getText(WebElementFacadeImpl.java:1147)
	at java.util.stream.ReferencePipeline$3$1.accept(ReferencePipeline.java:193)
	at java.util.ArrayList$ArrayListSpliterator.forEachRemaining(ArrayList.java:1382)
	at java.util.stream.AbstractPipeline.copyInto(AbstractPipeline.java:481)
	at java.util.stream.AbstractPipeline.wrapAndCopyInto(AbstractPipeline.java:471)
	at java.util.stream.ReduceOps$ReduceOp.evaluateSequential(ReduceOps.java:708)
	at java.util.stream.AbstractPipeline.evaluate(AbstractPipeline.java:234)
	at java.util.stream.ReferencePipeline.collect(ReferencePipeline.java:499)
	at features.web.search.SearchResult.getListModelsTitle(SearchResult.java:25)
	at features.web.search.SearchResult$ByteBuddy$dAYsTBn3.getListModelsTitle$accessor$sTzWGut1(Unknown Source)
	at sun.reflect.NativeMethodAccessorImpl.invoke0(Native Method)
	at sun.reflect.NativeMethodAccessorImpl.invoke(NativeMethodAccessorImpl.java:62)
	at sun.reflect.DelegatingMethodAccessorImpl.invoke(DelegatingMethodAccessorImpl.java:43)
	at java.lang.reflect.Method.invoke(Method.java:498)
	at net.thucydides.core.steps.StepInterceptor.invokeMethod(StepInterceptor.java:492)
	at net.thucydides.core.steps.StepInterceptor.executeTestStepMethod(StepInterceptor.java:472)
	at net.thucydides.core.steps.StepInterceptor.runTestStep(StepInterceptor.java:445)
	at net.thucydides.core.steps.StepInterceptor.runOrSkipMethod(StepInterceptor.java:201)
	at net.thucydides.core.steps.StepInterceptor.testStepResult(StepInterceptor.java:188)
	at net.thucydides.core.steps.StepInterceptor.intercept(StepInterceptor.java:76)
	at net.thucydides.core.steps.ProxyConfiguration$InterceptorDispatcher.intercept(ProxyConfiguration.java:51)
	at features.web.search.SearchResult$ByteBuddy$dAYsTBn3.getListModelsTitle(Unknown Source)
	at features.web.step_definitions.HomePageStepsDefinitions.theFollowingModelIsShown(HomePageStepsDefinitions.java:40)
	at ✽.the following model "Sony vaio i5" is shown(file:///Users/franciscojaviersanchezdelrosario/wks/adidas/adidas-test-automation/src/test/resources/features/web/navigate_product_categoires.feature:8)
&amp#27;[0m
]]></system-out>
    <system-err><![CDATA[[main] INFO io.cucumber.core.plugin.SerenityReporter - Running feature from file:///Users/franciscojaviersanchezdelrosario/wks/adidas/adidas-test-automation/src/test/resources/features/web/navigate_product_categoires.feature
]]></system-err>
  </testcase>
  <testcase name="James sees all the product categories #3" classname="Navigate through product categories" time="2.382">
    <failure message="&#10;Expecting ArrayList:&#10; &lt;[&quot;Samsung galaxy s6&quot;,&#10;    &quot;Nokia lumia 1520&quot;,&#10;    &quot;Nexus 6&quot;,&#10;    &quot;Samsung galaxy s7&quot;,&#10;    &quot;Iphone 6 32gb&quot;,&#10;    &quot;Sony xperia z5&quot;,&#10;    &quot;HTC One M9&quot;,&#10;    &quot;Sony vaio i5&quot;,&#10;    &quot;Sony vaio i7&quot;]&gt;&#10;to contain:&#10; &lt;[&quot;Apple monitor 24&quot;]&gt;&#10;but could not find the following element(s):&#10; &lt;[&quot;Apple monitor 24&quot;]&gt;&#10;" type="java.lang.AssertionError"><![CDATA[java.lang.AssertionError: 

Expecting ArrayList:
 <["Samsung galaxy s6",
    "Nokia lumia 1520",
    "Nexus 6",
    "Samsung galaxy s7",
    "Iphone 6 32gb",
    "Sony xperia z5",
    "HTC One M9",
    "Sony vaio i5",
    "Sony vaio i7"]>
to contain:
 <["Apple monitor 24"]>
but could not find the following element(s):
 <["Apple monitor 24"]>

]]></failure>
    <system-out><![CDATA[
@Frontend:WebFE
Scenario Outline: James sees all the product categories &amp#27;[90m# src/test/resources/features/web/navigate_product_categoires.feature:14&amp#27;[0m
  &amp#27;[32mGiven &amp#27;[0m&amp#27;[32mJames lands to home page&amp#27;[0m                        &amp#27;[90m# features.web.step_definitions.HomePageStepsDefinitions.jamesLandsToHomePage()&amp#27;[0m
  &amp#27;[32mWhen &amp#27;[0m&amp#27;[32mhe chooses the category &amp#27;[0m&amp#27;[32m&amp#27;[1m"Monitors"&amp#27;[0m               &amp#27;[90m# features.web.step_definitions.HomePageStepsDefinitions.heChoosesTheCategory(java.lang.String)&amp#27;[0m
  &amp#27;[32mThen &amp#27;[0m&amp#27;[32mthe results list is shown&amp#27;[0m                        &amp#27;[90m# features.web.step_definitions.HomePageStepsDefinitions.theResultsListIsShown()&amp#27;[0m
  &amp#27;[31mAnd &amp#27;[0m&amp#27;[31mthe following model &amp#27;[0m&amp#27;[31m&amp#27;[1m"Apple monitor 24"&amp#27;[0m&amp#27;[31m is shown&amp#27;[0m   &amp#27;[90m# features.web.step_definitions.HomePageStepsDefinitions.theFollowingModelIsShown(java.lang.String)&amp#27;[0m
      &amp#27;[31mjava.lang.AssertionError: 
Expecting ArrayList:
 <["Samsung galaxy s6",
    "Nokia lumia 1520",
    "Nexus 6",
    "Samsung galaxy s7",
    "Iphone 6 32gb",
    "Sony xperia z5",
    "HTC One M9",
    "Sony vaio i5",
    "Sony vaio i7"]>
to contain:
 <["Apple monitor 24"]>
but could not find the following element(s):
 <["Apple monitor 24"]>

	at features.web.step_definitions.HomePageStepsDefinitions.theFollowingModelIsShown(HomePageStepsDefinitions.java:40)
	at ✽.the following model "Apple monitor 24" is shown(file:///Users/franciscojaviersanchezdelrosario/wks/adidas/adidas-test-automation/src/test/resources/features/web/navigate_product_categoires.feature:8)
&amp#27;[0m
]]></system-out>
    <system-err><![CDATA[[main] ERROR  - &amp#27;[91m--------------
- TEST ERROR -
--------------

James sees all the product categories
--------------&amp#27;[0m
[main] ERROR  - &amp#27;[91m    Test failed at step: The category model&amp#27;[0m
[main] ERROR  - &amp#27;[91m    stale element reference: element is not attached to the page document&amp#27;[0m
[main] INFO io.cucumber.core.plugin.SerenityReporter - Running feature from file:///Users/franciscojaviersanchezdelrosario/wks/adidas/adidas-test-automation/src/test/resources/features/web/navigate_product_categoires.feature
]]></system-err>
  </testcase>
</testsuite>